This is pdfTeX, Version 3.141592653-2.6-1.40.25 (TeX Live 2023/Debian) (preloaded format=pdflatex 2026.1.10)  4 JUN 2026 22:02
entering extended mode
 restricted \write18 enabled.
 %&-line parsing enabled.
**main.tex
(./main.tex
LaTeX2e <2023-11-01> patch level 1
L3 programming layer <2024-01-22>
(/usr/share/texlive/texmf-dist/tex/latex/base/article.cls
Document Class: article 2023/05/17 v1.4n Standard LaTeX document class
(/usr/share/texlive/texmf-dist/tex/latex/base/size12.clo
File: size12.clo 2023/05/17 v1.4n Standard LaTeX file (size option)
)
\c@part=\count187
\c@section=\count188
\c@subsection=\count189
\c@subsubsection=\count190
\c@paragraph=\count191
\c@subparagraph=\count192
\c@figure=\count193
\c@table=\count194
\abovecaptionskip=\skip48
\belowcaptionskip=\skip49
\bibindent=\dimen140
)
(/usr/share/texlive/texmf-dist/tex/latex/geometry/geometry.sty
Package: geometry 2020/01/02 v5.9 Page Geometry

(/usr/share/texlive/texmf-dist/tex/latex/graphics/keyval.sty
Package: keyval 2022/05/29 v1.15 key=value parser (DPC)
\KV@toks@=\toks17
)
(/usr/share/texlive/texmf-dist/tex/generic/iftex/ifvtex.sty
Package: ifvtex 2019/10/25 v1.7 ifvtex legacy package. Use iftex instead.

(/usr/share/texlive/texmf-dist/tex/generic/iftex/iftex.sty
Package: iftex 2022/02/03 v1.0f TeX engine tests
))
\Gm@cnth=\count195
\Gm@cntv=\count196
\c@Gm@tempcnt=\count197
\Gm@bindingoffset=\dimen141
\Gm@wd@mp=\dimen142
\Gm@odd@mp=\dimen143
\Gm@even@mp=\dimen144
\Gm@layoutwidth=\dimen145
\Gm@layoutheight=\dimen146
\Gm@layouthoffset=\dimen147
\Gm@layoutvoffset=\dimen148
\Gm@dimlist=\toks18
)
(/usr/share/texlive/texmf-dist/tex/latex/fancyhdr/fancyhdr.sty
Package: fancyhdr 2022/11/09 v4.1 Extensive control of page headers and footers

\f@nch@headwidth=\skip50
\f@nch@O@elh=\skip51
\f@nch@O@erh=\skip52
\f@nch@O@olh=\skip53
\f@nch@O@orh=\skip54
\f@nch@O@elf=\skip55
\f@nch@O@erf=\skip56
\f@nch@O@olf=\skip57
\f@nch@O@orf=\skip58
)
(/usr/share/texlive/texmf-dist/tex/latex/base/inputenc.sty
Package: inputenc 2021/02/14 v1.3d Input encoding file
\inpenc@prehook=\toks19
\inpenc@posthook=\toks20
)
(/usr/share/texlive/texmf-dist/tex/latex/base/fontenc.sty
Package: fontenc 2021/04/29 v2.0v Standard LaTeX package
)
(/usr/share/texlive/texmf-dist/tex/generic/babel/babel.sty
Package: babel 2024/01/07 v24.1 The Babel package
\babel@savecnt=\count198
\U@D=\dimen149
\l@unhyphenated=\language5

(/usr/share/texlive/texmf-dist/tex/generic/babel/txtbabel.def)
\bbl@readstream=\read2
\bbl@dirlevel=\count199

(/usr/share/texlive/texmf-dist/tex/generic/babel-english/english.ldf
Language: english 2017/06/06 v3.3r English support from the babel system
Package babel Info: Hyphen rules for 'british' set to \l@english
(babel)             (\language0). Reported on input line 82.
Package babel Info: Hyphen rules for 'UKenglish' set to \l@english
(babel)             (\language0). Reported on input line 83.
Package babel Info: Hyphen rules for 'canadian' set to \l@english
(babel)             (\language0). Reported on input line 102.
Package babel Info: Hyphen rules for 'australian' set to \l@english
(babel)             (\language0). Reported on input line 105.
Package babel Info: Hyphen rules for 'newzealand' set to \l@english
(babel)             (\language0). Reported on input line 108.
))
(/usr/share/texlive/texmf-dist/tex/generic/babel/locale/en/babel-english.tex
Package babel Info: Importing font and identification data for english
(babel)             from babel-en.ini. Reported on input line 11.
)
(/usr/share/texlive/texmf-dist/tex/latex/setspace/setspace.sty
Package: setspace 2022/12/04 v6.7b set line spacing
)
(/usr/share/texlive/texmf-dist/tex/latex/titlesec/titlesec.sty
Package: titlesec 2023/10/27 v2.16 Sectioning titles
\ttl@box=\box51
\beforetitleunit=\skip59
\aftertitleunit=\skip60
\ttl@plus=\dimen150
\ttl@minus=\dimen151
\ttl@toksa=\toks21
\titlewidth=\dimen152
\titlewidthlast=\dimen153
\titlewidthfirst=\dimen154
)
(/usr/share/texlive/texmf-dist/tex/latex/tocloft/tocloft.sty
Package: tocloft 2017/08/31 v2.3i parameterised ToC, etc., typesetting
Package tocloft Info: The document has section divisions on input line 51.
\cftparskip=\skip61
\cftbeforetoctitleskip=\skip62
\cftaftertoctitleskip=\skip63
\cftbeforepartskip=\skip64
\cftpartnumwidth=\skip65
\cftpartindent=\skip66
\cftbeforesecskip=\skip67
\cftsecindent=\skip68
\cftsecnumwidth=\skip69
\cftbeforesubsecskip=\skip70
\cftsubsecindent=\skip71
\cftsubsecnumwidth=\skip72
\cftbeforesubsubsecskip=\skip73
\cftsubsubsecindent=\skip74
\cftsubsubsecnumwidth=\skip75
\cftbeforeparaskip=\skip76
\cftparaindent=\skip77
\cftparanumwidth=\skip78
\cftbeforesubparaskip=\skip79
\cftsubparaindent=\skip80
\cftsubparanumwidth=\skip81
\cftbeforeloftitleskip=\skip82
\cftafterloftitleskip=\skip83
\cftbeforefigskip=\skip84
\cftfigindent=\skip85
\cftfignumwidth=\skip86
\c@lofdepth=\count266
\c@lotdepth=\count267
\cftbeforelottitleskip=\skip87
\cftafterlottitleskip=\skip88
\cftbeforetabskip=\skip89
\cfttabindent=\skip90
\cfttabnumwidth=\skip91
)
(/usr/share/texlive/texmf-dist/tex/latex/graphics/graphicx.sty
Package: graphicx 2021/09/16 v1.2d Enhanced LaTeX Graphics (DPC,SPQR)

(/usr/share/texlive/texmf-dist/tex/latex/graphics/graphics.sty
Package: graphics 2022/03/10 v1.4e Standard LaTeX Graphics (DPC,SPQR)

(/usr/share/texlive/texmf-dist/tex/latex/graphics/trig.sty
Package: trig 2021/08/11 v1.11 sin cos tan (DPC)
)
(/usr/share/texlive/texmf-dist/tex/latex/graphics-cfg/graphics.cfg
File: graphics.cfg 2016/06/04 v1.11 sample graphics configuration
)
Package graphics Info: Driver file: pdftex.def on input line 107.

(/usr/share/texlive/texmf-dist/tex/latex/graphics-def/pdftex.def
File: pdftex.def 2022/09/22 v1.2b Graphics/color driver for pdftex
))
\Gin@req@height=\dimen155
\Gin@req@width=\dimen156
)
(/usr/share/texlive/texmf-dist/tex/latex/tools/longtable.sty
Package: longtable 2023-11-01 v4.19 Multi-page Table package (DPC)
\LTleft=\skip92
\LTright=\skip93
\LTpre=\skip94
\LTpost=\skip95
\LTchunksize=\count268
\LTcapwidth=\dimen157
\LT@head=\box52
\LT@firsthead=\box53
\LT@foot=\box54
\LT@lastfoot=\box55
\LT@gbox=\box56
\LT@cols=\count269
\LT@rows=\count270
\c@LT@tables=\count271
\c@LT@chunks=\count272
\LT@p@ftn=\toks22
)
(/usr/share/texlive/texmf-dist/tex/latex/forest/forest.sty
Package: forest 2017/07/14 v2.1.5 Drawing (linguistic) trees

(/usr/share/texlive/texmf-dist/tex/latex/pgf/frontendlayer/tikz.sty
(/usr/share/texlive/texmf-dist/tex/latex/pgf/basiclayer/pgf.sty
(/usr/share/texlive/texmf-dist/tex/latex/pgf/utilities/pgfrcs.sty
(/usr/share/texlive/texmf-dist/tex/generic/pgf/utilities/pgfutil-common.tex
\pgfutil@everybye=\toks23
\pgfutil@tempdima=\dimen158
\pgfutil@tempdimb=\dimen159
)
(/usr/share/texlive/texmf-dist/tex/generic/pgf/utilities/pgfutil-latex.def
\pgfutil@abb=\box57
)
(/usr/share/texlive/texmf-dist/tex/generic/pgf/utilities/pgfrcs.code.tex
(/usr/share/texlive/texmf-dist/tex/generic/pgf/pgf.revision.tex)
Package: pgfrcs 2023-01-15 v3.1.10 (3.1.10)
))
Package: pgf 2023-01-15 v3.1.10 (3.1.10)

(/usr/share/texlive/texmf-dist/tex/latex/pgf/basiclayer/pgfcore.sty
(/usr/share/texlive/texmf-dist/tex/latex/pgf/systemlayer/pgfsys.sty
(/usr/share/texlive/texmf-dist/tex/generic/pgf/systemlayer/pgfsys.code.tex
Package: pgfsys 2023-01-15 v3.1.10 (3.1.10)

(/usr/share/texlive/texmf-dist/tex/generic/pgf/utilities/pgfkeys.code.tex
\pgfkeys@pathtoks=\toks24
\pgfkeys@temptoks=\toks25

(/usr/share/texlive/texmf-dist/tex/generic/pgf/utilities/pgfkeyslibraryfiltered
.code.tex
\pgfkeys@tmptoks=\toks26
))
\pgf@x=\dimen160
\pgf@y=\dimen161
\pgf@xa=\dimen162
\pgf@ya=\dimen163
\pgf@xb=\dimen164
\pgf@yb=\dimen165
\pgf@xc=\dimen166
\pgf@yc=\dimen167
\pgf@xd=\dimen168
\pgf@yd=\dimen169
\w@pgf@writea=\write3
\r@pgf@reada=\read3
\c@pgf@counta=\count273
\c@pgf@countb=\count274
\c@pgf@countc=\count275
\c@pgf@countd=\count276
\t@pgf@toka=\toks27
\t@pgf@tokb=\toks28
\t@pgf@tokc=\toks29
\pgf@sys@id@count=\count277
 (/usr/share/texlive/texmf-dist/tex/generic/pgf/systemlayer/pgf.cfg
File: pgf.cfg 2023-01-15 v3.1.10 (3.1.10)
)
Driver file for pgf: pgfsys-pdftex.def
(/usr/share/texlive/texmf-dist/tex/generic/pgf/systemlayer/pgfsys-pdftex.def
File: pgfsys-pdftex.def 2023-01-15 v3.1.10 (3.1.10)

(/usr/share/texlive/texmf-dist/tex/generic/pgf/systemlayer/pgfsys-common-pdf.de
f
File: pgfsys-common-pdf.def 2023-01-15 v3.1.10 (3.1.10)
)))
(/usr/share/texlive/texmf-dist/tex/generic/pgf/systemlayer/pgfsyssoftpath.code.
tex
File: pgfsyssoftpath.code.tex 2023-01-15 v3.1.10 (3.1.10)
\pgfsyssoftpath@smallbuffer@items=\count278
\pgfsyssoftpath@bigbuffer@items=\count279
)
(/usr/share/texlive/texmf-dist/tex/generic/pgf/systemlayer/pgfsysprotocol.code.
tex
File: pgfsysprotocol.code.tex 2023-01-15 v3.1.10 (3.1.10)
)) (/usr/share/texlive/texmf-dist/tex/latex/xcolor/xcolor.sty
Package: xcolor 2023/11/15 v3.01 LaTeX color extensions (UK)

(/usr/share/texlive/texmf-dist/tex/latex/graphics-cfg/color.cfg
File: color.cfg 2016/01/02 v1.6 sample color configuration
)
Package xcolor Info: Driver file: pdftex.def on input line 274.

(/usr/share/texlive/texmf-dist/tex/latex/graphics/mathcolor.ltx)
Package xcolor Info: Model `cmy' substituted by `cmy0' on input line 1350.
Package xcolor Info: Model `hsb' substituted by `rgb' on input line 1354.
Package xcolor Info: Model `RGB' extended on input line 1366.
Package xcolor Info: Model `HTML' substituted by `rgb' on input line 1368.
Package xcolor Info: Model `Hsb' substituted by `hsb' on input line 1369.
Package xcolor Info: Model `tHsb' substituted by `hsb' on input line 1370.
Package xcolor Info: Model `HSB' substituted by `hsb' on input line 1371.
Package xcolor Info: Model `Gray' substituted by `gray' on input line 1372.
Package xcolor Info: Model `wave' substituted by `hsb' on input line 1373.
)
(/usr/share/texlive/texmf-dist/tex/generic/pgf/basiclayer/pgfcore.code.tex
Package: pgfcore 2023-01-15 v3.1.10 (3.1.10)

(/usr/share/texlive/texmf-dist/tex/generic/pgf/math/pgfmath.code.tex
(/usr/share/texlive/texmf-dist/tex/generic/pgf/math/pgfmathutil.code.tex)
(/usr/share/texlive/texmf-dist/tex/generic/pgf/math/pgfmathparser.code.tex
\pgfmath@dimen=\dimen170
\pgfmath@count=\count280
\pgfmath@box=\box58
\pgfmath@toks=\toks30
\pgfmath@stack@operand=\toks31
\pgfmath@stack@operation=\toks32
)
(/usr/share/texlive/texmf-dist/tex/generic/pgf/math/pgfmathfunctions.code.tex)
(/usr/share/texlive/texmf-dist/tex/generic/pgf/math/pgfmathfunctions.basic.code
.tex)
(/usr/share/texlive/texmf-dist/tex/generic/pgf/math/pgfmathfunctions.trigonomet
ric.code.tex)
(/usr/share/texlive/texmf-dist/tex/generic/pgf/math/pgfmathfunctions.random.cod
e.tex)
(/usr/share/texlive/texmf-dist/tex/generic/pgf/math/pgfmathfunctions.comparison
.code.tex)
(/usr/share/texlive/texmf-dist/tex/generic/pgf/math/pgfmathfunctions.base.code.
tex)
(/usr/share/texlive/texmf-dist/tex/generic/pgf/math/pgfmathfunctions.round.code
.tex)
(/usr/share/texlive/texmf-dist/tex/generic/pgf/math/pgfmathfunctions.misc.code.
tex)
(/usr/share/texlive/texmf-dist/tex/generic/pgf/math/pgfmathfunctions.integerari
thmetics.code.tex)
(/usr/share/texlive/texmf-dist/tex/generic/pgf/math/pgfmathcalc.code.tex)
(/usr/share/texlive/texmf-dist/tex/generic/pgf/math/pgfmathfloat.code.tex
\c@pgfmathroundto@lastzeros=\count281
))
(/usr/share/texlive/texmf-dist/tex/generic/pgf/math/pgfint.code.tex)
(/usr/share/texlive/texmf-dist/tex/generic/pgf/basiclayer/pgfcorepoints.code.te
x
File: pgfcorepoints.code.tex 2023-01-15 v3.1.10 (3.1.10)
\pgf@picminx=\dimen171
\pgf@picmaxx=\dimen172
\pgf@picminy=\dimen173
\pgf@picmaxy=\dimen174
\pgf@pathminx=\dimen175
\pgf@pathmaxx=\dimen176
\pgf@pathminy=\dimen177
\pgf@pathmaxy=\dimen178
\pgf@xx=\dimen179
\pgf@xy=\dimen180
\pgf@yx=\dimen181
\pgf@yy=\dimen182
\pgf@zx=\dimen183
\pgf@zy=\dimen184
)
(/usr/share/texlive/texmf-dist/tex/generic/pgf/basiclayer/pgfcorepathconstruct.
code.tex
File: pgfcorepathconstruct.code.tex 2023-01-15 v3.1.10 (3.1.10)
\pgf@path@lastx=\dimen185
\pgf@path@lasty=\dimen186
)
(/usr/share/texlive/texmf-dist/tex/generic/pgf/basiclayer/pgfcorepathusage.code
.tex
File: pgfcorepathusage.code.tex 2023-01-15 v3.1.10 (3.1.10)
\pgf@shorten@end@additional=\dimen187
\pgf@shorten@start@additional=\dimen188
)
(/usr/share/texlive/texmf-dist/tex/generic/pgf/basiclayer/pgfcorescopes.code.te
x
File: pgfcorescopes.code.tex 2023-01-15 v3.1.10 (3.1.10)
\pgfpic=\box59
\pgf@hbox=\box60
\pgf@layerbox@main=\box61
\pgf@picture@serial@count=\count282
)
(/usr/share/texlive/texmf-dist/tex/generic/pgf/basiclayer/pgfcoregraphicstate.c
ode.tex
File: pgfcoregraphicstate.code.tex 2023-01-15 v3.1.10 (3.1.10)
\pgflinewidth=\dimen189
)
(/usr/share/texlive/texmf-dist/tex/generic/pgf/basiclayer/pgfcoretransformation
s.code.tex
File: pgfcoretransformations.code.tex 2023-01-15 v3.1.10 (3.1.10)
\pgf@pt@x=\dimen190
\pgf@pt@y=\dimen191
\pgf@pt@temp=\dimen192
)
(/usr/share/texlive/texmf-dist/tex/generic/pgf/basiclayer/pgfcorequick.code.tex
File: pgfcorequick.code.tex 2023-01-15 v3.1.10 (3.1.10)
)
(/usr/share/texlive/texmf-dist/tex/generic/pgf/basiclayer/pgfcoreobjects.code.t
ex
File: pgfcoreobjects.code.tex 2023-01-15 v3.1.10 (3.1.10)
)
(/usr/share/texlive/texmf-dist/tex/generic/pgf/basiclayer/pgfcorepathprocessing
.code.tex
File: pgfcorepathprocessing.code.tex 2023-01-15 v3.1.10 (3.1.10)
)
(/usr/share/texlive/texmf-dist/tex/generic/pgf/basiclayer/pgfcorearrows.code.te
x
File: pgfcorearrows.code.tex 2023-01-15 v3.1.10 (3.1.10)
\pgfarrowsep=\dimen193
)
(/usr/share/texlive/texmf-dist/tex/generic/pgf/basiclayer/pgfcoreshade.code.tex
File: pgfcoreshade.code.tex 2023-01-15 v3.1.10 (3.1.10)
\pgf@max=\dimen194
\pgf@sys@shading@range@num=\count283
\pgf@shadingcount=\count284
)
(/usr/share/texlive/texmf-dist/tex/generic/pgf/basiclayer/pgfcoreimage.code.tex
File: pgfcoreimage.code.tex 2023-01-15 v3.1.10 (3.1.10)
)
(/usr/share/texlive/texmf-dist/tex/generic/pgf/basiclayer/pgfcoreexternal.code.
tex
File: pgfcoreexternal.code.tex 2023-01-15 v3.1.10 (3.1.10)
\pgfexternal@startupbox=\box62
)
(/usr/share/texlive/texmf-dist/tex/generic/pgf/basiclayer/pgfcorelayers.code.te
x
File: pgfcorelayers.code.tex 2023-01-15 v3.1.10 (3.1.10)
)
(/usr/share/texlive/texmf-dist/tex/generic/pgf/basiclayer/pgfcoretransparency.c
ode.tex
File: pgfcoretransparency.code.tex 2023-01-15 v3.1.10 (3.1.10)
)
(/usr/share/texlive/texmf-dist/tex/generic/pgf/basiclayer/pgfcorepatterns.code.
tex
File: pgfcorepatterns.code.tex 2023-01-15 v3.1.10 (3.1.10)
)
(/usr/share/texlive/texmf-dist/tex/generic/pgf/basiclayer/pgfcorerdf.code.tex
File: pgfcorerdf.code.tex 2023-01-15 v3.1.10 (3.1.10)
)))
(/usr/share/texlive/texmf-dist/tex/generic/pgf/modules/pgfmoduleshapes.code.tex
File: pgfmoduleshapes.code.tex 2023-01-15 v3.1.10 (3.1.10)
\pgfnodeparttextbox=\box63
) (/usr/share/texlive/texmf-dist/tex/generic/pgf/modules/pgfmoduleplot.code.tex
File: pgfmoduleplot.code.tex 2023-01-15 v3.1.10 (3.1.10)
)
(/usr/share/texlive/texmf-dist/tex/latex/pgf/compatibility/pgfcomp-version-0-65
.sty
Package: pgfcomp-version-0-65 2023-01-15 v3.1.10 (3.1.10)
\pgf@nodesepstart=\dimen195
\pgf@nodesepend=\dimen196
)
(/usr/share/texlive/texmf-dist/tex/latex/pgf/compatibility/pgfcomp-version-1-18
.sty
Package: pgfcomp-version-1-18 2023-01-15 v3.1.10 (3.1.10)
)) (/usr/share/texlive/texmf-dist/tex/latex/pgf/utilities/pgffor.sty
(/usr/share/texlive/texmf-dist/tex/latex/pgf/utilities/pgfkeys.sty
(/usr/share/texlive/texmf-dist/tex/generic/pgf/utilities/pgfkeys.code.tex))
(/usr/share/texlive/texmf-dist/tex/latex/pgf/math/pgfmath.sty
(/usr/share/texlive/texmf-dist/tex/generic/pgf/math/pgfmath.code.tex))
(/usr/share/texlive/texmf-dist/tex/generic/pgf/utilities/pgffor.code.tex
Package: pgffor 2023-01-15 v3.1.10 (3.1.10)
\pgffor@iter=\dimen197
\pgffor@skip=\dimen198
\pgffor@stack=\toks33
\pgffor@toks=\toks34
))
(/usr/share/texlive/texmf-dist/tex/generic/pgf/frontendlayer/tikz/tikz.code.tex
Package: tikz 2023-01-15 v3.1.10 (3.1.10)

(/usr/share/texlive/texmf-dist/tex/generic/pgf/libraries/pgflibraryplothandlers
.code.tex
File: pgflibraryplothandlers.code.tex 2023-01-15 v3.1.10 (3.1.10)
\pgf@plot@mark@count=\count285
\pgfplotmarksize=\dimen199
)
\tikz@lastx=\dimen256
\tikz@lasty=\dimen257
\tikz@lastxsaved=\dimen258
\tikz@lastysaved=\dimen259
\tikz@lastmovetox=\dimen260
\tikz@lastmovetoy=\dimen261
\tikzleveldistance=\dimen262
\tikzsiblingdistance=\dimen263
\tikz@figbox=\box64
\tikz@figbox@bg=\box65
\tikz@tempbox=\box66
\tikz@tempbox@bg=\box67
\tikztreelevel=\count286
\tikznumberofchildren=\count287
\tikznumberofcurrentchild=\count288
\tikz@fig@count=\count289

(/usr/share/texlive/texmf-dist/tex/generic/pgf/modules/pgfmodulematrix.code.tex
File: pgfmodulematrix.code.tex 2023-01-15 v3.1.10 (3.1.10)
\pgfmatrixcurrentrow=\count290
\pgfmatrixcurrentcolumn=\count291
\pgf@matrix@numberofcolumns=\count292
)
\tikz@expandcount=\count293

(/usr/share/texlive/texmf-dist/tex/generic/pgf/frontendlayer/tikz/libraries/tik
zlibrarytopaths.code.tex
File: tikzlibrarytopaths.code.tex 2023-01-15 v3.1.10 (3.1.10)
)))
(/usr/share/texlive/texmf-dist/tex/generic/pgf/frontendlayer/tikz/libraries/tik
zlibraryshapes.code.tex
File: tikzlibraryshapes.code.tex 2023-01-15 v3.1.10 (3.1.10)

(/usr/share/texlive/texmf-dist/tex/generic/pgf/frontendlayer/tikz/libraries/tik
zlibraryshapes.geometric.code.tex
File: tikzlibraryshapes.geometric.code.tex 2023-01-15 v3.1.10 (3.1.10)

(/usr/share/texlive/texmf-dist/tex/generic/pgf/libraries/shapes/pgflibraryshape
s.geometric.code.tex
File: pgflibraryshapes.geometric.code.tex 2023-01-15 v3.1.10 (3.1.10)
))
(/usr/share/texlive/texmf-dist/tex/generic/pgf/frontendlayer/tikz/libraries/tik
zlibraryshapes.misc.code.tex
File: tikzlibraryshapes.misc.code.tex 2023-01-15 v3.1.10 (3.1.10)

(/usr/share/texlive/texmf-dist/tex/generic/pgf/libraries/shapes/pgflibraryshape
s.misc.code.tex
File: pgflibraryshapes.misc.code.tex 2023-01-15 v3.1.10 (3.1.10)
))
(/usr/share/texlive/texmf-dist/tex/generic/pgf/frontendlayer/tikz/libraries/tik
zlibraryshapes.symbols.code.tex
File: tikzlibraryshapes.symbols.code.tex 2023-01-15 v3.1.10 (3.1.10)

(/usr/share/texlive/texmf-dist/tex/generic/pgf/libraries/shapes/pgflibraryshape
s.symbols.code.tex
File: pgflibraryshapes.symbols.code.tex 2023-01-15 v3.1.10 (3.1.10)
))
(/usr/share/texlive/texmf-dist/tex/generic/pgf/frontendlayer/tikz/libraries/tik
zlibraryshapes.arrows.code.tex
File: tikzlibraryshapes.arrows.code.tex 2023-01-15 v3.1.10 (3.1.10)

(/usr/share/texlive/texmf-dist/tex/generic/pgf/libraries/shapes/pgflibraryshape
s.arrows.code.tex
File: pgflibraryshapes.arrows.code.tex 2023-01-15 v3.1.10 (3.1.10)
))
(/usr/share/texlive/texmf-dist/tex/generic/pgf/frontendlayer/tikz/libraries/tik
zlibraryshapes.callouts.code.tex
(/usr/share/texlive/texmf-dist/tex/generic/pgf/libraries/shapes/pgflibraryshape
s.callouts.code.tex))
(/usr/share/texlive/texmf-dist/tex/generic/pgf/frontendlayer/tikz/libraries/tik
zlibraryshapes.multipart.code.tex
File: tikzlibraryshapes.multipart.code.tex 2023-01-15 v3.1.10 (3.1.10)

(/usr/share/texlive/texmf-dist/tex/generic/pgf/libraries/shapes/pgflibraryshape
s.multipart.code.tex
File: pgflibraryshapes.multipart.code.tex 2023-01-15 v3.1.10 (3.1.10)
\pgfnodepartlowerbox=\box68
\pgfnodeparttwobox=\box69
\pgfnodepartthreebox=\box70
\pgfnodepartfourbox=\box71
\pgfnodeparttwentybox=\box72
\pgfnodepartnineteenbox=\box73
\pgfnodeparteighteenbox=\box74
\pgfnodepartseventeenbox=\box75
\pgfnodepartsixteenbox=\box76
\pgfnodepartfifteenbox=\box77
\pgfnodepartfourteenbox=\box78
\pgfnodepartthirteenbox=\box79
\pgfnodeparttwelvebox=\box80
\pgfnodepartelevenbox=\box81
\pgfnodeparttenbox=\box82
\pgfnodepartninebox=\box83
\pgfnodeparteightbox=\box84
\pgfnodepartsevenbox=\box85
\pgfnodepartsixbox=\box86
\pgfnodepartfivebox=\box87
)))
(/usr/share/texlive/texmf-dist/tex/generic/pgf/frontendlayer/tikz/libraries/tik
zlibraryfit.code.tex
File: tikzlibraryfit.code.tex 2023-01-15 v3.1.10 (3.1.10)
)
(/usr/share/texlive/texmf-dist/tex/generic/pgf/frontendlayer/tikz/libraries/tik
zlibrarycalc.code.tex
File: tikzlibrarycalc.code.tex 2023-01-15 v3.1.10 (3.1.10)
)
(/usr/share/texlive/texmf-dist/tex/generic/pgf/libraries/pgflibraryintersection
s.code.tex
(/usr/share/texlive/texmf-dist/tex/generic/pgf/libraries/pgflibraryfpu.code.tex
)
\pgf@intersect@solutions=\count294
) (/usr/share/texlive/texmf-dist/tex/latex/pgfopts/pgfopts.sty
Package: pgfopts 2014/07/10 v2.1a LaTeX package options with pgfkeys
\pgfopts@list@add@a@toks=\toks35
\pgfopts@list@add@b@toks=\toks36
)
(/usr/share/texlive/texmf-dist/tex/latex/etoolbox/etoolbox.sty
Package: etoolbox 2020/10/05 v2.5k e-TeX tools for LaTeX (JAW)
\etb@tempcnta=\count295
)
(/usr/share/texlive/texmf-dist/tex/latex/elocalloc/elocalloc.sty
Package: elocalloc 2016/12/15 v0.03 local allocation for LaTeX 2015+ (DPC)
)
(/usr/share/texlive/texmf-dist/tex/latex/environ/environ.sty
Package: environ 2014/05/04 v0.3 A new way to define environments

(/usr/share/texlive/texmf-dist/tex/latex/trimspaces/trimspaces.sty
Package: trimspaces 2009/09/17 v1.1 Trim spaces around a token list
)
\@envbody=\toks37
)
(/usr/share/texlive/texmf-dist/tex/latex/l3packages/xparse/xparse.sty
(/usr/share/texlive/texmf-dist/tex/latex/l3kernel/expl3.sty
Package: expl3 2024-01-22 L3 programming layer (loader) 

(/usr/share/texlive/texmf-dist/tex/latex/l3backend/l3backend-pdftex.def
File: l3backend-pdftex.def 2024-01-04 L3 backend support: PDF output (pdfTeX)
\l__color_backend_stack_int=\count296
\l__pdf_internal_box=\box88
))
Package: xparse 2023-10-10 L3 Experimental document command parser
)
(/usr/share/texlive/texmf-dist/tex/latex/inlinedef/inlinedef.sty
Package: inlinedef 2008/07/10 v1.0 Inlined expansions within definitions
\ID@toks=\toks38
\ID@count=\count297
)
\ID@usercommands=\toks39
\safeloop@depth=\count298
\safeRKloop@depth=\count299
\forest@temp@dimen=\dimen264
\forest@temp@count=\count300
\forest@n=\count301
\forest@temp@global@count=\count302
\forest@temp@toks=\toks40
\forest@temparray@M=\count303
\forest@temparray@N=\count304
\forest@global@temparray@M=\count305
\forest@global@temparray@N=\count306
\forest@isnum@count=\count307
\forest@isdim@nonintpart=\count308
\forest@isdim@dimen=\dimen265
\forest@sort@m=\count309
\forest@sort@k=\count310
\forest@sort@p=\count311
\bracket@content=\toks41
\bracket@afterthought=\toks42
\forest@node@maxid=\count312
\forest@process@left@M=\count313
\forest@process@left@N=\count314
\forest@process@right@M=\count315
\forest@process@right@N=\count316
\forest@process@saved@M=\count317
\forest@process@saved@N=\count318
\forest@process@result@M=\count319
\forest@process@result@N=\count320
\forest@process@n=\count321
\forest@nodewalk@branch@toks=\toks43
\forest@nodewalk@shortsteps@resolution=\toks44
\forest@do@dynamics=\toks45
\forest@box=\box89
\forest@xg=\dimen266
\forest@yg=\dimen267
\forest@xs=\dimen268
\forest@ys=\dimen269
\forest@pi@toks=\toks46
\forest@segment@toks=\toks47
\forest@PIi@toks=\toks48
\forest@PIii@toks=\toks49
\forest@copy@in=\read4
\forest@copy@out=\write4
\forest@externalize@max@outer@n=\count322
\forest@externalize@inner@n=\count323
)
(/usr/share/texlive/texmf-dist/tex/latex/forest/forest-lib-linguistics.sty
Package: forest-lib-linguistics 2017/07/14 v0.1.2
\standardnodestrutbox=\box90
)
(/usr/share/texlive/texmf-dist/tex/latex/amsfonts/amssymb.sty
Package: amssymb 2013/01/14 v3.01 AMS font symbols

(/usr/share/texlive/texmf-dist/tex/latex/amsfonts/amsfonts.sty
Package: amsfonts 2013/01/14 v3.01 Basic AMSFonts support
\@emptytoks=\toks50
\symAMSa=\mathgroup4
\symAMSb=\mathgroup5
LaTeX Font Info:    Redeclaring math symbol \hbar on input line 98.
LaTeX Font Info:    Overwriting math alphabet `\mathfrak' in version `bold'
(Font)                  U/euf/m/n --> U/euf/b/n on input line 106.
))
(/usr/share/texlive/texmf-dist/tex/latex/amsmath/amsmath.sty
Package: amsmath 2023/05/13 v2.17o AMS math features
\@mathmargin=\skip96

For additional information on amsmath, use the `?' option.
(/usr/share/texlive/texmf-dist/tex/latex/amsmath/amstext.sty
Package: amstext 2021/08/26 v2.01 AMS text

(/usr/share/texlive/texmf-dist/tex/latex/amsmath/amsgen.sty
File: amsgen.sty 1999/11/30 v2.0 generic functions
\@emptytoks=\toks51
\ex@=\dimen270
)
LaTeX Info: Redefining \text on input line 28.
)
(/usr/share/texlive/texmf-dist/tex/latex/amsmath/amsbsy.sty
Package: amsbsy 1999/11/29 v1.2d Bold Symbols
\pmbraise@=\dimen271
)
(/usr/share/texlive/texmf-dist/tex/latex/amsmath/amsopn.sty
Package: amsopn 2022/04/08 v2.04 operator names
)
\inf@bad=\count324
LaTeX Info: Redefining \frac on input line 234.
\uproot@=\count325
\leftroot@=\count326
LaTeX Info: Redefining \overline on input line 399.
LaTeX Info: Redefining \colon on input line 410.
\classnum@=\count327
\DOTSCASE@=\count328
LaTeX Info: Redefining \ldots on input line 496.
LaTeX Info: Redefining \dots on input line 499.
LaTeX Info: Redefining \cdots on input line 620.
\Mathstrutbox@=\box91
\strutbox@=\box92
LaTeX Info: Redefining \big on input line 722.
LaTeX Info: Redefining \Big on input line 723.
LaTeX Info: Redefining \bigg on input line 724.
LaTeX Info: Redefining \Bigg on input line 725.
\big@size=\dimen272
LaTeX Font Info:    Redeclaring font encoding OML on input line 743.
LaTeX Font Info:    Redeclaring font encoding OMS on input line 744.
\macc@depth=\count329
LaTeX Info: Redefining \bmod on input line 905.
LaTeX Info: Redefining \pmod on input line 910.
LaTeX Info: Redefining \smash on input line 940.
LaTeX Info: Redefining \relbar on input line 970.
LaTeX Info: Redefining \Relbar on input line 971.
\c@MaxMatrixCols=\count330
\dotsspace@=\muskip16
\c@parentequation=\count331
\dspbrk@lvl=\count332
\tag@help=\toks52
\row@=\count333
\column@=\count334
\maxfields@=\count335
\andhelp@=\toks53
\eqnshift@=\dimen273
\alignsep@=\dimen274
\tagshift@=\dimen275
\tagwidth@=\dimen276
\totwidth@=\dimen277
\lineht@=\dimen278
\@envbody=\toks54
\multlinegap=\skip97
\multlinetaggap=\skip98
\mathdisplay@stack=\toks55
LaTeX Info: Redefining \[ on input line 2953.
LaTeX Info: Redefining \] on input line 2954.
)
(/usr/share/texlive/texmf-dist/tex/latex/multirow/multirow.sty
Package: multirow 2021/03/15 v2.8 Span multiple rows of a table
\multirow@colwidth=\skip99
\multirow@cntb=\count336
\multirow@dima=\skip100
\bigstrutjot=\dimen279
)
(/usr/share/texlive/texmf-dist/tex/latex/listings/listings.sty
\lst@mode=\count337
\lst@gtempboxa=\box93
\lst@token=\toks56
\lst@length=\count338
\lst@currlwidth=\dimen280
\lst@column=\count339
\lst@pos=\count340
\lst@lostspace=\dimen281
\lst@width=\dimen282
\lst@newlines=\count341
\lst@lineno=\count342
\lst@maxwidth=\dimen283

(/usr/share/texlive/texmf-dist/tex/latex/listings/lstmisc.sty
File: lstmisc.sty 2023/02/27 1.9 (Carsten Heinz)
\c@lstnumber=\count343
\lst@skipnumbers=\count344
\lst@framebox=\box94
)
(/usr/share/texlive/texmf-dist/tex/latex/listings/listings.cfg
File: listings.cfg 2023/02/27 1.9 listings configuration
))
Package: listings 2023/02/27 1.9 (Carsten Heinz)

(/usr/share/texlive/texmf-dist/tex/latex/caption/caption.sty
Package: caption 2023/08/05 v3.6o Customizing captions (AR)

(/usr/share/texlive/texmf-dist/tex/latex/caption/caption3.sty
Package: caption3 2023/07/31 v2.4d caption3 kernel (AR)
\caption@tempdima=\dimen284
\captionmargin=\dimen285
\caption@leftmargin=\dimen286
\caption@rightmargin=\dimen287
\caption@width=\dimen288
\caption@indent=\dimen289
\caption@parindent=\dimen290
\caption@hangindent=\dimen291
Package caption Info: Standard document class detected.
)
\c@caption@flags=\count345
\c@continuedfloat=\count346
Package caption Info: listings package is loaded.
Package caption Info: longtable package is loaded.

(/usr/share/texlive/texmf-dist/tex/latex/caption/ltcaption.sty
Package: ltcaption 2021/01/08 v1.4c longtable captions (AR)
))
(/usr/share/texlive/texmf-dist/tex/latex/caption/subcaption.sty
Package: subcaption 2023/07/28 v1.6b Sub-captions (AR)
Package caption Info: New subtype `subfigure' on input line 238.
\c@subfigure=\count347
Package caption Info: New subtype `subtable' on input line 238.
\c@subtable=\count348
)
(/usr/share/texlive/texmf-dist/tex/latex/parskip/parskip.sty
Package: parskip 2021-03-14 v2.0h non-zero parskip adjustments

(/usr/share/texlive/texmf-dist/tex/latex/kvoptions/kvoptions.sty
Package: kvoptions 2022-06-15 v3.15 Key value format for package options (HO)

(/usr/share/texlive/texmf-dist/tex/generic/ltxcmds/ltxcmds.sty
Package: ltxcmds 2023-12-04 v1.26 LaTeX kernel commands for general use (HO)
)
(/usr/share/texlive/texmf-dist/tex/latex/kvsetkeys/kvsetkeys.sty
Package: kvsetkeys 2022-10-05 v1.19 Key value parser (HO)
)))
(/usr/share/texlive/texmf-dist/tex/latex/pdfpages/pdfpages.sty
Package: pdfpages 2024/01/21 v0.5y Insert pages of external PDF documents (AM)

(/usr/share/texlive/texmf-dist/tex/latex/base/ifthen.sty
Package: ifthen 2022/04/13 v1.1d Standard LaTeX ifthen package (DPC)
)
(/usr/share/texlive/texmf-dist/tex/latex/tools/calc.sty
Package: calc 2023/07/08 v4.3 Infix arithmetic (KKT,FJ)
\calc@Acount=\count349
\calc@Bcount=\count350
\calc@Adimen=\dimen292
\calc@Bdimen=\dimen293
\calc@Askip=\skip101
\calc@Bskip=\skip102
LaTeX Info: Redefining \setlength on input line 80.
LaTeX Info: Redefining \addtolength on input line 81.
\calc@Ccount=\count351
\calc@Cskip=\skip103
)
(/usr/share/texlive/texmf-dist/tex/latex/eso-pic/eso-pic.sty
Package: eso-pic 2023/05/03 v3.0c eso-pic (RN)
\ESO@tempdima=\dimen294
\ESO@tempdimb=\dimen295
)
\AM@pagewidth=\dimen296
\AM@pageheight=\dimen297
\AM@fboxrule=\dimen298

(/usr/share/texlive/texmf-dist/tex/latex/pdfpages/pppdftex.def
File: pppdftex.def 2024/01/21 v0.5y Pdfpages driver for pdfTeX (AM)
)
\pdfpages@includegraphics@status=\count352
\AM@pagebox=\box95
\AM@global@opts=\toks57
\AM@pagecnt=\count353
\AM@toc@title=\toks58
\AM@lof@heading=\toks59
\c@AM@survey=\count354
\AM@templatesizebox=\box96
)
(/usr/share/texlive/texmf-dist/tex/latex/tools/verbatim.sty
Package: verbatim 2023-11-06 v1.5v LaTeX2e package for verbatim enhancements
\every@verbatim=\toks60
\verbatim@line=\toks61
\verbatim@in@stream=\read5
)
(/usr/share/texlive/texmf-dist/tex/latex/pdflscape/pdflscape.sty
Package: pdflscape 2022-10-27 v0.13 Display of landscape pages in PDF

(/usr/share/texlive/texmf-dist/tex/latex/pdflscape/pdflscape-nometadata.sty
Package: pdflscape-nometadata 2022-10-28 v0.13 Display of landscape pages in PD
F (HO)

(/usr/share/texlive/texmf-dist/tex/latex/graphics/lscape.sty
Package: lscape 2020/05/28 v3.02 Landscape Pages (DPC)
)
Package pdflscape Info: Auto-detected driver: pdftex on input line 81.
))
(/usr/share/texlive/texmf-dist/tex/latex/tools/afterpage.sty
Package: afterpage 2023/07/04 v1.08 After-Page Package (DPC)
\AP@output=\toks62
\AP@partial=\box97
\AP@footins=\box98
)
(/usr/share/texlive/texmf-dist/tex/latex/tools/array.sty
Package: array 2023/10/16 v2.5g Tabular extension package (FMi)
\col@sep=\dimen299
\ar@mcellbox=\box99
\extrarowheight=\dimen300
\NC@list=\toks63
\extratabsurround=\skip104
\backup@length=\skip105
\ar@cellbox=\box100
)
(/usr/share/texlive/texmf-dist/tex/latex/booktabs/booktabs.sty
Package: booktabs 2020/01/12 v1.61803398 Publication quality tables
\heavyrulewidth=\dimen301
\lightrulewidth=\dimen302
\cmidrulewidth=\dimen303
\belowrulesep=\dimen304
\belowbottomsep=\dimen305
\aboverulesep=\dimen306
\abovetopsep=\dimen307
\cmidrulesep=\dimen308
\cmidrulekern=\dimen309
\defaultaddspace=\dimen310
\@cmidla=\count355
\@cmidlb=\count356
\@aboverulesep=\dimen311
\@belowrulesep=\dimen312
\@thisruleclass=\count357
\@lastruleclass=\count358
\@thisrulewidth=\dimen313
)
(/usr/share/texlive/texmf-dist/tex/latex/ragged2e/ragged2e.sty
Package: ragged2e 2023/06/22 v3.6 ragged2e Package
\CenteringLeftskip=\skip106
\RaggedLeftLeftskip=\skip107
\RaggedRightLeftskip=\skip108
\CenteringRightskip=\skip109
\RaggedLeftRightskip=\skip110
\RaggedRightRightskip=\skip111
\CenteringParfillskip=\skip112
\RaggedLeftParfillskip=\skip113
\RaggedRightParfillskip=\skip114
\JustifyingParfillskip=\skip115
\CenteringParindent=\skip116
\RaggedLeftParindent=\skip117
\RaggedRightParindent=\skip118
\JustifyingParindent=\skip119
)
(/usr/share/texlive/texmf-dist/tex/latex/graphics/rotating.sty
Package: rotating 2016/08/11 v2.16d rotated objects in LaTeX
\c@r@tfl@t=\count359
\rotFPtop=\skip120
\rotFPbot=\skip121
\rot@float@box=\box101
\rot@mess@toks=\toks64
)
(/usr/share/texlive/texmf-dist/tex/latex/wallpaper/wallpaper.sty
Package: wallpaper 2005/01/18, v1.01 easy wallpaper formatting (MHFW)
\wpXoffset=\skip122
\wpYoffset=\skip123
\tileXoffset=\skip124
\tileYoffset=\skip125
\tilewidth=\skip126
\tileheight=\skip127
\tileX=\skip128
\tileY=\skip129
)
(/usr/share/texlive/texmf-dist/tex/latex/hyperref/hyperref.sty
Package: hyperref 2024-01-20 v7.01h Hypertext links for LaTeX

(/usr/share/texlive/texmf-dist/tex/generic/kvdefinekeys/kvdefinekeys.sty
Package: kvdefinekeys 2019-12-19 v1.6 Define keys (HO)
)
(/usr/share/texlive/texmf-dist/tex/generic/pdfescape/pdfescape.sty
Package: pdfescape 2019/12/09 v1.15 Implements pdfTeX's escape features (HO)

(/usr/share/texlive/texmf-dist/tex/generic/pdftexcmds/pdftexcmds.sty
Package: pdftexcmds 2020-06-27 v0.33 Utility functions of pdfTeX for LuaTeX (HO
)

(/usr/share/texlive/texmf-dist/tex/generic/infwarerr/infwarerr.sty
Package: infwarerr 2019/12/03 v1.5 Providing info/warning/error messages (HO)
)
Package pdftexcmds Info: \pdf@primitive is available.
Package pdftexcmds Info: \pdf@ifprimitive is available.
Package pdftexcmds Info: \pdfdraftmode found.
))
(/usr/share/texlive/texmf-dist/tex/latex/hycolor/hycolor.sty
Package: hycolor 2020-01-27 v1.10 Color options for hyperref/bookmark (HO)
)
(/usr/share/texlive/texmf-dist/tex/latex/auxhook/auxhook.sty
Package: auxhook 2019-12-17 v1.6 Hooks for auxiliary files (HO)
)
(/usr/share/texlive/texmf-dist/tex/latex/hyperref/nameref.sty
Package: nameref 2023-11-26 v2.56 Cross-referencing by name of section

(/usr/share/texlive/texmf-dist/tex/latex/refcount/refcount.sty
Package: refcount 2019/12/15 v3.6 Data extraction from label references (HO)
)
(/usr/share/texlive/texmf-dist/tex/generic/gettitlestring/gettitlestring.sty
Package: gettitlestring 2019/12/15 v1.6 Cleanup title references (HO)
)
\c@section@level=\count360
)
\@linkdim=\dimen314
\Hy@linkcounter=\count361
\Hy@pagecounter=\count362

(/usr/share/texlive/texmf-dist/tex/latex/hyperref/pd1enc.def
File: pd1enc.def 2024-01-20 v7.01h Hyperref: PDFDocEncoding definition (HO)
Now handling font encoding PD1 ...
... no UTF-8 mapping file for font encoding PD1
)
(/usr/share/texlive/texmf-dist/tex/generic/intcalc/intcalc.sty
Package: intcalc 2019/12/15 v1.3 Expandable calculations with integers (HO)
)
\Hy@SavedSpaceFactor=\count363

(/usr/share/texlive/texmf-dist/tex/latex/hyperref/puenc.def
File: puenc.def 2024-01-20 v7.01h Hyperref: PDF Unicode definition (HO)
Now handling font encoding PU ...
... no UTF-8 mapping file for font encoding PU
)
Package hyperref Info: Option `bookmarks' set `true' on input line 4062.
Package hyperref Info: Option `breaklinks' set `true' on input line 4062.
Package hyperref Info: Option `bookmarksopen' set `false' on input line 4062.
Package hyperref Info: Option `colorlinks' set `true' on input line 4062.
Package hyperref Info: Hyper figures OFF on input line 4179.
Package hyperref Info: Link nesting OFF on input line 4184.
Package hyperref Info: Hyper index ON on input line 4187.
Package hyperref Info: Plain pages OFF on input line 4194.
Package hyperref Info: Backreferencing OFF on input line 4199.
Package hyperref Info: Implicit mode ON; LaTeX internals redefined.
Package hyperref Info: Bookmarks ON on input line 4446.
\c@Hy@tempcnt=\count364

(/usr/share/texlive/texmf-dist/tex/latex/url/url.sty
\Urlmuskip=\muskip17
Package: url 2013/09/16  ver 3.4  Verb mode for urls, etc.
)
LaTeX Info: Redefining \url on input line 4784.
\XeTeXLinkMargin=\dimen315

(/usr/share/texlive/texmf-dist/tex/generic/bitset/bitset.sty
Package: bitset 2019/12/09 v1.3 Handle bit-vector datatype (HO)

(/usr/share/texlive/texmf-dist/tex/generic/bigintcalc/bigintcalc.sty
Package: bigintcalc 2019/12/15 v1.5 Expandable calculations on big integers (HO
)
))
\Fld@menulength=\count365
\Field@Width=\dimen316
\Fld@charsize=\dimen317
Package hyperref Info: Hyper figures OFF on input line 6063.
Package hyperref Info: Link nesting OFF on input line 6068.
Package hyperref Info: Hyper index ON on input line 6071.
Package hyperref Info: backreferencing OFF on input line 6078.
Package hyperref Info: Link coloring ON on input line 6081.
Package hyperref Info: Link coloring with OCG OFF on input line 6088.
Package hyperref Info: PDF/A mode OFF on input line 6093.

(/usr/share/texlive/texmf-dist/tex/latex/base/atbegshi-ltx.sty
Package: atbegshi-ltx 2021/01/10 v1.0c Emulation of the original atbegshi
package with kernel methods
)
\Hy@abspage=\count366
\c@Item=\count367
\c@Hfootnote=\count368
)
Package hyperref Info: Driver (autodetected): hpdftex.

(/usr/share/texlive/texmf-dist/tex/latex/hyperref/hpdftex.def
File: hpdftex.def 2024-01-20 v7.01h Hyperref driver for pdfTeX

(/usr/share/texlive/texmf-dist/tex/latex/base/atveryend-ltx.sty
Package: atveryend-ltx 2020/08/19 v1.0a Emulation of the original atveryend pac
kage
with kernel methods
)
\Fld@listcount=\count369
\c@bookmark@seq@number=\count370

(/usr/share/texlive/texmf-dist/tex/latex/rerunfilecheck/rerunfilecheck.sty
Package: rerunfilecheck 2022-07-10 v1.10 Rerun checks for auxiliary files (HO)

(/usr/share/texlive/texmf-dist/tex/generic/uniquecounter/uniquecounter.sty
Package: uniquecounter 2019/12/15 v1.4 Provide unlimited unique counter (HO)
)
Package uniquecounter Info: New unique counter `rerunfilecheck' on input line 2
85.
)
\Hy@SectionHShift=\skip130
)
(/usr/share/texlive/texmf-dist/tex/latex/breakurl/breakurl.sty
Package: breakurl 2013/04/10 v1.40 Breakable hyperref URLs

(/usr/share/texlive/texmf-dist/tex/latex/xkeyval/xkeyval.sty
Package: xkeyval 2022/06/16 v2.9 package option processing (HA)

(/usr/share/texlive/texmf-dist/tex/generic/xkeyval/xkeyval.tex
(/usr/share/texlive/texmf-dist/tex/generic/xkeyval/xkvutils.tex
\XKV@toks=\toks65
\XKV@tempa@toks=\toks66
)
\XKV@depth=\count371
File: xkeyval.tex 2014/12/03 v2.7a key=value parser (HA)
))
(/usr/share/texlive/texmf-dist/tex/generic/iftex/ifpdf.sty
Package: ifpdf 2019/10/25 v3.4 ifpdf legacy package. Use iftex instead.
)

Package breakurl Warning: You are using breakurl while processing via pdflatex.

(breakurl)                \burl will be just a synonym of \url.
(breakurl)                 on input line 48.

) (/usr/share/texlive/texmf-dist/tex/generic/soul/soul.sty
Package: soul 2023-06-14 v3.1 Permit use of UTF-8 characters in soul (HO)

(/usr/share/texlive/texmf-dist/tex/generic/soul/soul-ori.sty
Package: soul-ori 2023-06-14 v3.1 letterspacing/underlining (mf)
\SOUL@word=\toks67
\SOUL@lasttoken=\toks68
\SOUL@syllable=\toks69
\SOUL@cmds=\toks70
\SOUL@buffer=\toks71
\SOUL@token=\toks72
\SOUL@syllgoal=\dimen318
\SOUL@syllwidth=\dimen319
\SOUL@charkern=\dimen320
\SOUL@hyphkern=\dimen321
\SOUL@dimen=\dimen322
\SOUL@dimeni=\dimen323
\SOUL@minus=\count372
\SOUL@comma=\count373
\SOUL@apo=\count374
\SOUL@grave=\count375
\SOUL@spaceskip=\skip131
\SOUL@ttwidth=\dimen324
\SOUL@uldp=\dimen325
\SOUL@ulht=\dimen326
)
(/usr/share/texlive/texmf-dist/tex/generic/etexcmds/etexcmds.sty
Package: etexcmds 2019/12/15 v1.7 Avoid name clashes with e-TeX commands (HO)
)) (./main.aux)
\openout1 = `main.aux'.

LaTeX Font Info:    Checking defaults for OML/cmm/m/it on input line 144.
LaTeX Font Info:    ... okay on input line 144.
LaTeX Font Info:    Checking defaults for OMS/cmsy/m/n on input line 144.
LaTeX Font Info:    ... okay on input line 144.
LaTeX Font Info:    Checking defaults for OT1/cmr/m/n on input line 144.
LaTeX Font Info:    ... okay on input line 144.
LaTeX Font Info:    Checking defaults for T1/cmr/m/n on input line 144.
LaTeX Font Info:    ... okay on input line 144.
LaTeX Font Info:    Checking defaults for TS1/cmr/m/n on input line 144.
LaTeX Font Info:    ... okay on input line 144.
LaTeX Font Info:    Checking defaults for OMX/cmex/m/n on input line 144.
LaTeX Font Info:    ... okay on input line 144.
LaTeX Font Info:    Checking defaults for U/cmr/m/n on input line 144.
LaTeX Font Info:    ... okay on input line 144.
LaTeX Font Info:    Checking defaults for PD1/pdf/m/n on input line 144.
LaTeX Font Info:    ... okay on input line 144.
LaTeX Font Info:    Checking defaults for PU/pdf/m/n on input line 144.
LaTeX Font Info:    ... okay on input line 144.
*geometry* driver: auto-detecting
*geometry* detected driver: pdftex
*geometry* verbose mode - [ preamble ] result:
* driver: pdftex
* paper: letterpaper
* layout: <same size as paper>
* layoutoffset:(h,v)=(0.0pt,0.0pt)
* modes: 
* h-part:(L,W,R)=(64.01869pt, 486.25761pt, 64.01869pt)
* v-part:(T,H,B)=(85.35826pt, 652.70622pt, 56.9055pt)
* \paperwidth=614.295pt
* \paperheight=794.96999pt
* \textwidth=486.25761pt
* \textheight=652.70622pt
* \oddsidemargin=-8.2513pt
* \evensidemargin=-8.2513pt
* \topmargin=-41.59085pt
* \headheight=12.0pt
* \headsep=42.67912pt
* \topskip=12.0pt
* \footskip=30.0pt
* \marginparwidth=44.0pt
* \marginparsep=10.0pt
* \columnsep=10.0pt
* \skip\footins=10.8pt plus 4.0pt minus 2.0pt
* \hoffset=0.0pt
* \voffset=0.0pt
* \mag=1000
* \@twocolumnfalse
* \@twosidefalse
* \@mparswitchfalse
* \@reversemarginfalse
* (1in=72.27pt=25.4mm, 1cm=28.453pt)

(/usr/share/texlive/texmf-dist/tex/context/base/mkii/supp-pdf.mkii
[Loading MPS to PDF converter (version 2006.09.02).]
\scratchcounter=\count376
\scratchdimen=\dimen327
\scratchbox=\box102
\nofMPsegments=\count377
\nofMParguments=\count378
\everyMPshowfont=\toks73
\MPscratchCnt=\count379
\MPscratchDim=\dimen328
\MPnumerator=\count380
\makeMPintoPDFobject=\count381
\everyMPtoPDFconversion=\toks74
) (/usr/share/texlive/texmf-dist/tex/latex/epstopdf-pkg/epstopdf-base.sty
Package: epstopdf-base 2020-01-24 v2.11 Base part for package epstopdf
Package epstopdf-base Info: Redefining graphics rule for `.eps' on input line 4
85.

(/usr/share/texlive/texmf-dist/tex/latex/latexconfig/epstopdf-sys.cfg
File: epstopdf-sys.cfg 2010/07/13 v1.3 Configuration of (r)epstopdf for TeX Liv
e
))
\c@lstlisting=\count382
Package caption Info: Begin \AtBeginDocument code.
Package caption Info: hyperref package is loaded.
Package caption Info: rotating package is loaded.
Package caption Info: End \AtBeginDocument code.
Package hyperref Info: Link coloring ON on input line 144.

(./main.out) (./main.out)
\@outlinefile=\write5
\openout5 = `main.out'.

LaTeX Font Info:    Trying to load font information for U+msa on input line 159
.

(/usr/share/texlive/texmf-dist/tex/latex/amsfonts/umsa.fd
File: umsa.fd 2013/01/14 v3.01 AMS symbols A
)
LaTeX Font Info:    Trying to load font information for U+msb on input line 159
.

(/usr/share/texlive/texmf-dist/tex/latex/amsfonts/umsb.fd
File: umsb.fd 2013/01/14 v3.01 AMS symbols B
)
<UTYP.png, id=73, 301.125pt x 156.585pt>
File: UTYP.png Graphic file (type png)
<use UTYP.png>
Package pdftex.def Info: UTYP.png  used on input line 160.
(pdftex.def)             Requested size: 123.11743pt x 64.01869pt.
<LogoUPV_2023.png, id=75, 438.9198pt x 166.7028pt>
File: LogoUPV_2023.png Graphic file (type png)
<use LogoUPV_2023.png>
Package pdftex.def Info: LogoUPV_2023.png  used on input line 161.
(pdftex.def)             Requested size: 168.55936pt x 64.01869pt.

Overfull \hbox (12.13573pt too wide) in paragraph at lines 159--162
 [] 
 []

[1

{/var/lib/texmf/fonts/map/pdftex/updmap/pdftex.map} <./UTYP.png> <./LogoUPV_202
3.png>]
Underfull \hbox (badness 10000) in paragraph at lines 212--217

 []


pdfTeX warning (ext4): destination with the same identifier (name{page.i}) has 
been already used, duplicate ignored
<to be read again> 
                   \relax 
l.238 \clearpage
                
<Membrete2023.pdf, id=85, 614.295pt x 794.97pt>
File: Membrete2023.pdf Graphic file (type pdf)
<use Membrete2023.pdf>
Package pdftex.def Info: Membrete2023.pdf  used on input line 238.
(pdftex.def)             Requested size: 614.31223pt x 794.99231pt.
 [1 <./Membrete2023.pdf>]
Underfull \hbox (badness 10000) in paragraph at lines 252--252
[]|\T1/cmr/bx/n/12 Valor / Pon-
 []

File: Membrete2023.pdf Graphic file (type pdf)
<use Membrete2023.pdf>
Package pdftex.def Info: Membrete2023.pdf  used on input line 299.
(pdftex.def)             Requested size: 614.31223pt x 794.99231pt.
File: Membrete2023.pdf Graphic file (type pdf)
<use Membrete2023.pdf>
Package pdftex.def Info: Membrete2023.pdf  used on input line 299.
(pdftex.def)             Requested size: 614.31223pt x 794.99231pt.
[2

]
File: UTYP.png Graphic file (type png)
<use UTYP.png>
Package pdftex.def Info: UTYP.png  used on input line 309.
(pdftex.def)             Requested size: 65.65956pt x 34.14322pt.
File: LogoUPV_2023.png Graphic file (type png)
<use LogoUPV_2023.png>
Package pdftex.def Info: LogoUPV_2023.png  used on input line 309.
(pdftex.def)             Requested size: 112.36844pt x 42.67912pt.

Overfull \hbox (15.11841pt too wide) has occurred while \output is active
[]|[]| 
 []


Package fancyhdr Warning: \headheight is too small (12.0pt): 
(fancyhdr)                Make it at least 47.02916pt, for example:
(fancyhdr)                \setlength{\headheight}{47.02916pt}.
(fancyhdr)                You might also make \topmargin smaller to compensate:

(fancyhdr)                \addtolength{\topmargin}{-35.02916pt}.

[3

]
File: UTYP.png Graphic file (type png)
<use UTYP.png>
Package pdftex.def Info: UTYP.png  used on input line 317.
(pdftex.def)             Requested size: 65.65956pt x 34.14322pt.
File: LogoUPV_2023.png Graphic file (type png)
<use LogoUPV_2023.png>
Package pdftex.def Info: LogoUPV_2023.png  used on input line 317.
(pdftex.def)             Requested size: 112.36844pt x 42.67912pt.

Overfull \hbox (15.11841pt too wide) has occurred while \output is active
[]|[]| 
 []


Package fancyhdr Warning: \headheight is too small (12.0pt): 
(fancyhdr)                Make it at least 47.02916pt, for example:
(fancyhdr)                \setlength{\headheight}{47.02916pt}.
(fancyhdr)                You might also make \topmargin smaller to compensate:

(fancyhdr)                \addtolength{\topmargin}{-35.02916pt}.

[4

] (./main.toc)
\tf@toc=\write6
\openout6 = `main.toc'.

 [5

] (./introduccion.tex
File: UTYP.png Graphic file (type png)
<use UTYP.png>
Package pdftex.def Info: UTYP.png  used on input line 30.
(pdftex.def)             Requested size: 65.65956pt x 34.14322pt.
File: LogoUPV_2023.png Graphic file (type png)
<use LogoUPV_2023.png>
Package pdftex.def Info: LogoUPV_2023.png  used on input line 30.
(pdftex.def)             Requested size: 112.36844pt x 42.67912pt.

Overfull \hbox (15.11841pt too wide) has occurred while \output is active
[]|[]| 
 []


Package fancyhdr Warning: \headheight is too small (12.0pt): 
(fancyhdr)                Make it at least 47.02916pt, for example:
(fancyhdr)                \setlength{\headheight}{47.02916pt}.
(fancyhdr)                You might also make \topmargin smaller to compensate:

(fancyhdr)                \addtolength{\topmargin}{-35.02916pt}.

[1

]
File: UTYP.png Graphic file (type png)
<use UTYP.png>
Package pdftex.def Info: UTYP.png  used on input line 70.
(pdftex.def)             Requested size: 65.65956pt x 34.14322pt.
File: LogoUPV_2023.png Graphic file (type png)
<use LogoUPV_2023.png>
Package pdftex.def Info: LogoUPV_2023.png  used on input line 70.
(pdftex.def)             Requested size: 112.36844pt x 42.67912pt.

Overfull \hbox (15.11841pt too wide) has occurred while \output is active
[]|[]| 
 []


Package fancyhdr Warning: \headheight is too small (12.0pt): 
(fancyhdr)                Make it at least 47.02916pt, for example:
(fancyhdr)                \setlength{\headheight}{47.02916pt}.
(fancyhdr)                You might also make \topmargin smaller to compensate:

(fancyhdr)                \addtolength{\topmargin}{-35.02916pt}.

[2]
File: UTYP.png Graphic file (type png)
<use UTYP.png>
Package pdftex.def Info: UTYP.png  used on input line 81.
(pdftex.def)             Requested size: 65.65956pt x 34.14322pt.
File: LogoUPV_2023.png Graphic file (type png)
<use LogoUPV_2023.png>
Package pdftex.def Info: LogoUPV_2023.png  used on input line 81.
(pdftex.def)             Requested size: 112.36844pt x 42.67912pt.

Overfull \hbox (15.11841pt too wide) has occurred while \output is active
[]|[]| 
 []


Package fancyhdr Warning: \headheight is too small (12.0pt): 
(fancyhdr)                Make it at least 47.02916pt, for example:
(fancyhdr)                \setlength{\headheight}{47.02916pt}.
(fancyhdr)                You might also make \topmargin smaller to compensate:

(fancyhdr)                \addtolength{\topmargin}{-35.02916pt}.

[3]
File: UTYP.png Graphic file (type png)
<use UTYP.png>
Package pdftex.def Info: UTYP.png  used on input line 104.
(pdftex.def)             Requested size: 65.65956pt x 34.14322pt.
File: LogoUPV_2023.png Graphic file (type png)
<use LogoUPV_2023.png>
Package pdftex.def Info: LogoUPV_2023.png  used on input line 104.
(pdftex.def)             Requested size: 112.36844pt x 42.67912pt.

Overfull \hbox (15.11841pt too wide) has occurred while \output is active
[]|[]| 
 []


Package fancyhdr Warning: \headheight is too small (12.0pt): 
(fancyhdr)                Make it at least 47.02916pt, for example:
(fancyhdr)                \setlength{\headheight}{47.02916pt}.
(fancyhdr)                You might also make \topmargin smaller to compensate:

(fancyhdr)                \addtolength{\topmargin}{-35.02916pt}.

[4])
File: UTYP.png Graphic file (type png)
<use UTYP.png>
Package pdftex.def Info: UTYP.png  used on input line 335.
(pdftex.def)             Requested size: 65.65956pt x 34.14322pt.
File: LogoUPV_2023.png Graphic file (type png)
<use LogoUPV_2023.png>
Package pdftex.def Info: LogoUPV_2023.png  used on input line 335.
(pdftex.def)             Requested size: 112.36844pt x 42.67912pt.

Overfull \hbox (15.11841pt too wide) has occurred while \output is active
[]|[]| 
 []


Package fancyhdr Warning: \headheight is too small (12.0pt): 
(fancyhdr)                Make it at least 47.02916pt, for example:
(fancyhdr)                \setlength{\headheight}{47.02916pt}.
(fancyhdr)                You might also make \topmargin smaller to compensate:

(fancyhdr)                \addtolength{\topmargin}{-35.02916pt}.

[5]
<documentosDigitalizados/SeguroFacultativo.pdf, id=178, 614.295pt x 845.1575pt>

File: documentosDigitalizados/SeguroFacultativo.pdf Graphic file (type pdf)
<use documentosDigitalizados/SeguroFacultativo.pdf>
Package pdftex.def Info: documentosDigitalizados/SeguroFacultativo.pdf  used on
 input line 361.
(pdftex.def)             Requested size: 614.29349pt x 845.15544pt.
File: documentosDigitalizados/SeguroFacultativo.pdf Graphic file (type pdf)
<use documentosDigitalizados/SeguroFacultativo.pdf>
Package pdftex.def Info: documentosDigitalizados/SeguroFacultativo.pdf  used on
 input line 361.
(pdftex.def)             Requested size: 614.29349pt x 845.15544pt.
<documentosDigitalizados/SeguroFacultativo.pdf, id=181, page=1, 614.295pt x 845
.1575pt>
File: documentosDigitalizados/SeguroFacultativo.pdf Graphic file (type pdf)
<use documentosDigitalizados/SeguroFacultativo.pdf, page 1>
Package pdftex.def Info: documentosDigitalizados/SeguroFacultativo.pdf , page1 
used on input line 361.
(pdftex.def)             Requested size: 614.29349pt x 845.15544pt.
File: documentosDigitalizados/SeguroFacultativo.pdf Graphic file (type pdf)
<use documentosDigitalizados/SeguroFacultativo.pdf, page 1>
Package pdftex.def Info: documentosDigitalizados/SeguroFacultativo.pdf , page1 
used on input line 361.
(pdftex.def)             Requested size: 577.9154pt x 795.10587pt.
File: documentosDigitalizados/SeguroFacultativo.pdf Graphic file (type pdf)
<use documentosDigitalizados/SeguroFacultativo.pdf, page 1>
Package pdftex.def Info: documentosDigitalizados/SeguroFacultativo.pdf , page1 
used on input line 361.
(pdftex.def)             Requested size: 577.9154pt x 795.10587pt.
File: documentosDigitalizados/SeguroFacultativo.pdf Graphic file (type pdf)
<use documentosDigitalizados/SeguroFacultativo.pdf, page 1>
Package pdftex.def Info: documentosDigitalizados/SeguroFacultativo.pdf , page1 
used on input line 361.
(pdftex.def)             Requested size: 577.9154pt x 795.10587pt.
File: documentosDigitalizados/SeguroFacultativo.pdf Graphic file (type pdf)
<use documentosDigitalizados/SeguroFacultativo.pdf, page 1>
Package pdftex.def Info: documentosDigitalizados/SeguroFacultativo.pdf , page1 
used on input line 361.
(pdftex.def)             Requested size: 577.9154pt x 795.10587pt.
 [6






 <./documentosDigitalizados/SeguroFacultativo.pdf>]

pdfTeX warning: pdflatex (file ./documentosDigitalizados/CartaPresentacion.pdf)
: PDF inclusion: found PDF version <1.7>, but at most version <1.5> allowed
<documentosDigitalizados/CartaPresentacion.pdf, id=199, 597.23125pt x 845.1575p
t>
File: documentosDigitalizados/CartaPresentacion.pdf Graphic file (type pdf)
<use documentosDigitalizados/CartaPresentacion.pdf>
Package pdftex.def Info: documentosDigitalizados/CartaPresentacion.pdf  used on
 input line 369.
(pdftex.def)             Requested size: 597.22978pt x 845.15544pt.


pdfTeX warning: pdflatex (file ./documentosDigitalizados/CartaPresentacion.pdf)
: PDF inclusion: found PDF version <1.7>, but at most version <1.5> allowed
File: documentosDigitalizados/CartaPresentacion.pdf Graphic file (type pdf)
<use documentosDigitalizados/CartaPresentacion.pdf>
Package pdftex.def Info: documentosDigitalizados/CartaPresentacion.pdf  used on
 input line 369.
(pdftex.def)             Requested size: 597.22978pt x 845.15544pt.


pdfTeX warning: pdflatex (file ./documentosDigitalizados/CartaPresentacion.pdf)
: PDF inclusion: found PDF version <1.7>, but at most version <1.5> allowed


pdfTeX warning: pdflatex (file ./documentosDigitalizados/CartaPresentacion.pdf)
: PDF inclusion: found PDF version <1.7>, but at most version <1.5> allowed
<documentosDigitalizados/CartaPresentacion.pdf, id=202, page=1, 597.23125pt x 8
45.1575pt>
File: documentosDigitalizados/CartaPresentacion.pdf Graphic file (type pdf)
<use documentosDigitalizados/CartaPresentacion.pdf, page 1>
Package pdftex.def Info: documentosDigitalizados/CartaPresentacion.pdf , page1 
used on input line 369.
(pdftex.def)             Requested size: 597.22978pt x 845.15544pt.
File: documentosDigitalizados/CartaPresentacion.pdf Graphic file (type pdf)
<use documentosDigitalizados/CartaPresentacion.pdf, page 1>
Package pdftex.def Info: documentosDigitalizados/CartaPresentacion.pdf , page1 
used on input line 369.
(pdftex.def)             Requested size: 561.86221pt x 795.10587pt.
File: documentosDigitalizados/CartaPresentacion.pdf Graphic file (type pdf)
<use documentosDigitalizados/CartaPresentacion.pdf, page 1>
Package pdftex.def Info: documentosDigitalizados/CartaPresentacion.pdf , page1 
used on input line 369.
(pdftex.def)             Requested size: 561.86221pt x 795.10587pt.
File: documentosDigitalizados/CartaPresentacion.pdf Graphic file (type pdf)
<use documentosDigitalizados/CartaPresentacion.pdf, page 1>
Package pdftex.def Info: documentosDigitalizados/CartaPresentacion.pdf , page1 
used on input line 369.
(pdftex.def)             Requested size: 561.86221pt x 795.10587pt.
File: documentosDigitalizados/CartaPresentacion.pdf Graphic file (type pdf)
<use documentosDigitalizados/CartaPresentacion.pdf, page 1>
Package pdftex.def Info: documentosDigitalizados/CartaPresentacion.pdf , page1 
used on input line 369.
(pdftex.def)             Requested size: 561.86221pt x 795.10587pt.
[7


 <./documentosDigitalizados/CartaPresentacion.pdf>]

pdfTeX warning: pdflatex (file ./documentosDigitalizados/CartaAceptacion.pdf): 
PDF inclusion: found PDF version <1.7>, but at most version <1.5> allowed
<documentosDigitalizados/CartaAceptacion.pdf, id=213, 597.23125pt x 845.1575pt>

File: documentosDigitalizados/CartaAceptacion.pdf Graphic file (type pdf)
<use documentosDigitalizados/CartaAceptacion.pdf>
Package pdftex.def Info: documentosDigitalizados/CartaAceptacion.pdf  used on i
nput line 374.
(pdftex.def)             Requested size: 597.22978pt x 845.15544pt.


pdfTeX warning: pdflatex (file ./documentosDigitalizados/CartaAceptacion.pdf): 
PDF inclusion: found PDF version <1.7>, but at most version <1.5> allowed
File: documentosDigitalizados/CartaAceptacion.pdf Graphic file (type pdf)
<use documentosDigitalizados/CartaAceptacion.pdf>
Package pdftex.def Info: documentosDigitalizados/CartaAceptacion.pdf  used on i
nput line 374.
(pdftex.def)             Requested size: 597.22978pt x 845.15544pt.


pdfTeX warning: pdflatex (file ./documentosDigitalizados/CartaAceptacion.pdf): 
PDF inclusion: found PDF version <1.7>, but at most version <1.5> allowed


pdfTeX warning: pdflatex (file ./documentosDigitalizados/CartaAceptacion.pdf): 
PDF inclusion: found PDF version <1.7>, but at most version <1.5> allowed
<documentosDigitalizados/CartaAceptacion.pdf, id=216, page=1, 597.23125pt x 845
.1575pt>
File: documentosDigitalizados/CartaAceptacion.pdf Graphic file (type pdf)
<use documentosDigitalizados/CartaAceptacion.pdf, page 1>
Package pdftex.def Info: documentosDigitalizados/CartaAceptacion.pdf , page1 us
ed on input line 374.
(pdftex.def)             Requested size: 597.22978pt x 845.15544pt.
File: documentosDigitalizados/CartaAceptacion.pdf Graphic file (type pdf)
<use documentosDigitalizados/CartaAceptacion.pdf, page 1>
Package pdftex.def Info: documentosDigitalizados/CartaAceptacion.pdf , page1 us
ed on input line 374.
(pdftex.def)             Requested size: 561.86221pt x 795.10587pt.
File: documentosDigitalizados/CartaAceptacion.pdf Graphic file (type pdf)
<use documentosDigitalizados/CartaAceptacion.pdf, page 1>
Package pdftex.def Info: documentosDigitalizados/CartaAceptacion.pdf , page1 us
ed on input line 374.
(pdftex.def)             Requested size: 561.86221pt x 795.10587pt.
File: documentosDigitalizados/CartaAceptacion.pdf Graphic file (type pdf)
<use documentosDigitalizados/CartaAceptacion.pdf, page 1>
Package pdftex.def Info: documentosDigitalizados/CartaAceptacion.pdf , page1 us
ed on input line 374.
(pdftex.def)             Requested size: 561.86221pt x 795.10587pt.
File: documentosDigitalizados/CartaAceptacion.pdf Graphic file (type pdf)
<use documentosDigitalizados/CartaAceptacion.pdf, page 1>
Package pdftex.def Info: documentosDigitalizados/CartaAceptacion.pdf , page1 us
ed on input line 374.
(pdftex.def)             Requested size: 561.86221pt x 795.10587pt.
[8


 <./documentosDigitalizados/CartaAceptacion.pdf>]
<documentosDigitalizados/CartaLiberacion.pdf, id=226, 614.295pt x 794.97pt>
File: documentosDigitalizados/CartaLiberacion.pdf Graphic file (type pdf)
<use documentosDigitalizados/CartaLiberacion.pdf>
Package pdftex.def Info: documentosDigitalizados/CartaLiberacion.pdf  used on i
nput line 379.
(pdftex.def)             Requested size: 614.29349pt x 794.96806pt.
File: documentosDigitalizados/CartaLiberacion.pdf Graphic file (type pdf)
<use documentosDigitalizados/CartaLiberacion.pdf>
Package pdftex.def Info: documentosDigitalizados/CartaLiberacion.pdf  used on i
nput line 379.
(pdftex.def)             Requested size: 614.29349pt x 794.96806pt.
<documentosDigitalizados/CartaLiberacion.pdf, id=229, page=1, 614.295pt x 794.9
7pt>
File: documentosDigitalizados/CartaLiberacion.pdf Graphic file (type pdf)
<use documentosDigitalizados/CartaLiberacion.pdf, page 1>
Package pdftex.def Info: documentosDigitalizados/CartaLiberacion.pdf , page1 us
ed on input line 379.
(pdftex.def)             Requested size: 614.29349pt x 794.96806pt.
File: documentosDigitalizados/CartaLiberacion.pdf Graphic file (type pdf)
<use documentosDigitalizados/CartaLiberacion.pdf, page 1>
Package pdftex.def Info: documentosDigitalizados/CartaLiberacion.pdf , page1 us
ed on input line 379.
(pdftex.def)             Requested size: 614.58406pt x 795.3441pt.
File: documentosDigitalizados/CartaLiberacion.pdf Graphic file (type pdf)
<use documentosDigitalizados/CartaLiberacion.pdf, page 1>
Package pdftex.def Info: documentosDigitalizados/CartaLiberacion.pdf , page1 us
ed on input line 379.
(pdftex.def)             Requested size: 614.58406pt x 795.3441pt.
File: documentosDigitalizados/CartaLiberacion.pdf Graphic file (type pdf)
<use documentosDigitalizados/CartaLiberacion.pdf, page 1>
Package pdftex.def Info: documentosDigitalizados/CartaLiberacion.pdf , page1 us
ed on input line 379.
(pdftex.def)             Requested size: 614.58406pt x 795.3441pt.
File: documentosDigitalizados/CartaLiberacion.pdf Graphic file (type pdf)
<use documentosDigitalizados/CartaLiberacion.pdf, page 1>
Package pdftex.def Info: documentosDigitalizados/CartaLiberacion.pdf , page1 us
ed on input line 379.
(pdftex.def)             Requested size: 614.58406pt x 795.3441pt.
 [9


 <./documentosDigitalizados/CartaLiberacion.pdf>]
Overfull \hbox (13.17943pt too wide) in paragraph at lines 400--400
[]|\T1/cmr/m/n/12 Valor| 
 []

File: UTYP.png Graphic file (type png)
<use UTYP.png>
Package pdftex.def Info: UTYP.png  used on input line 417.
(pdftex.def)             Requested size: 65.65956pt x 34.14322pt.
File: LogoUPV_2023.png Graphic file (type png)
<use LogoUPV_2023.png>
Package pdftex.def Info: LogoUPV_2023.png  used on input line 417.
(pdftex.def)             Requested size: 112.36844pt x 42.67912pt.

Overfull \hbox (15.11841pt too wide) has occurred while \output is active
[]|[]| 
 []


Package fancyhdr Warning: \headheight is too small (12.0pt): 
(fancyhdr)                Make it at least 47.02916pt, for example:
(fancyhdr)                \setlength{\headheight}{47.02916pt}.
(fancyhdr)                You might also make \topmargin smaller to compensate:

(fancyhdr)                \addtolength{\topmargin}{-35.02916pt}.

[10

]
File: UTYP.png Graphic file (type png)
<use UTYP.png>
Package pdftex.def Info: UTYP.png  used on input line 417.
(pdftex.def)             Requested size: 65.65956pt x 34.14322pt.
File: LogoUPV_2023.png Graphic file (type png)
<use LogoUPV_2023.png>
Package pdftex.def Info: LogoUPV_2023.png  used on input line 417.
(pdftex.def)             Requested size: 112.36844pt x 42.67912pt.

Overfull \hbox (15.11841pt too wide) has occurred while \output is active
[]|[]| 
 []


Package fancyhdr Warning: \headheight is too small (12.0pt): 
(fancyhdr)                Make it at least 47.02916pt, for example:
(fancyhdr)                \setlength{\headheight}{47.02916pt}.
(fancyhdr)                You might also make \topmargin smaller to compensate:

(fancyhdr)                \addtolength{\topmargin}{-35.02916pt}.

[11]
Underfull \hbox (badness 10000) in paragraph at lines 431--431
\T1/cmr/m/n/10 pre-sen-tan di-fi-cul-tad
 []


Underfull \hbox (badness 10000) in paragraph at lines 431--431
\T1/cmr/m/n/10 para su apre-ciación
 []


Underfull \hbox (badness 10000) in paragraph at lines 431--431
\T1/cmr/m/n/10 con-tiene los as-pec-tos
 []


Underfull \hbox (badness 10000) in paragraph at lines 431--431
\T1/cmr/m/n/10 pre-sen-tan di-fi-cul-tad
 []


Underfull \hbox (badness 10000) in paragraph at lines 431--431
\T1/cmr/m/n/10 para su apre-ciación
 []


Underfull \hbox (badness 2653) in paragraph at lines 431--431
\T1/cmr/m/n/10 carece de al-gunos as-
 []


Underfull \hbox (badness 1320) in paragraph at lines 436--436
[]|\T1/cmr/m/n/10 Las re-spues-tas no son
 []

File: UTYP.png Graphic file (type png)
<use UTYP.png>
Package pdftex.def Info: UTYP.png  used on input line 452.
(pdftex.def)             Requested size: 65.65956pt x 34.14322pt.
File: LogoUPV_2023.png Graphic file (type png)
<use LogoUPV_2023.png>
Package pdftex.def Info: LogoUPV_2023.png  used on input line 452.
(pdftex.def)             Requested size: 112.36844pt x 42.67912pt.

Overfull \hbox (15.11841pt too wide) has occurred while \output is active
[]|[]| 
 []


Package fancyhdr Warning: \headheight is too small (12.0pt): 
(fancyhdr)                Make it at least 47.02916pt, for example:
(fancyhdr)                \setlength{\headheight}{47.02916pt}.
(fancyhdr)                You might also make \topmargin smaller to compensate:

(fancyhdr)                \addtolength{\topmargin}{-35.02916pt}.

[12

] (./main.aux)
 ***********
LaTeX2e <2023-11-01> patch level 1
L3 programming layer <2024-01-22>
 ***********
Package rerunfilecheck Info: File `main.out' has not changed.
(rerunfilecheck)             Checksum: 861CBA70166B765671B03ABE85E4493B;2318.
 ) 
Here is how much of TeX's memory you used:
 37373 strings out of 476182
 789167 string characters out of 5795595
 1944975 words of memory out of 5000000
 58771 multiletter control sequences out of 15000+600000
 570203 words of font info for 65 fonts, out of 8000000 for 9000
 14 hyphenation exceptions out of 8191
 98i,22n,107p,1630b,627s stack positions out of 10000i,1000n,20000p,200000b,200000s
 </home/arthur/.texlive2023/texmf-var/fonts/pk/ljfour/jknappen/ec/ecrm1000.60
0pk> </home/arthur/.texlive2023/texmf-var/fonts/pk/ljfour/jknappen/ec/tcrm1200.
600pk> </home/arthur/.texlive2023/texmf-var/fonts/pk/ljfour/jknappen/ec/ecti120
0.600pk> </home/arthur/.texlive2023/texmf-var/fonts/pk/ljfour/jknappen/ec/ecrm0
800.600pk> </home/arthur/.texlive2023/texmf-var/fonts/pk/ljfour/jknappen/ec/ecb
x1440.600pk> </home/arthur/.texlive2023/texmf-var/fonts/pk/ljfour/jknappen/ec/e
cbx1200.600pk> </home/arthur/.texlive2023/texmf-var/fonts/pk/ljfour/jknappen/ec
/ecrm1200.600pk> </home/arthur/.texlive2023/texmf-var/fonts/pk/ljfour/jknappen/
ec/ecrm1728.600pk> </home/arthur/.texlive2023/texmf-var/fonts/pk/ljfour/jknappe
n/ec/ecbx1728.600pk>
Output written on main.pdf (18 pages, 1819599 bytes).
PDF statistics:
 643 PDF objects out of 1000 (max. 8388607)
 234 compressed objects within 3 object streams
 40 named destinations out of 1000 (max. 500000)
 244 words of extra memory for PDF output out of 10000 (max. 10000000)

